14.06.02  1:04 Labyrinth7x7      1:29:49 [THUBI-BIR       ]
14.06.02 21:22 Labyrinth7x7      1:20:06 [THUBI-BIR       ]
17.06.02 23:23 Labyrinth7x7      2:22:48 [THUBI-SB        ]
18.06.02 21:24 Labyrinth7x7Lit   0:06:32 [THUBI-LAPTOP    ]
20.06.02 21:15 Labyrinth7x7      0:32:25 [THUBI-BIR       ]
20.06.02 22:05 Labyrinth7x7Lit   0:41:17 [THUBI-BIR       ]
09.08.02 20:56 Labyrinth7x7x7    0:34:30 [THUBI-BIR       ]
05.09.02 23:36 Labyrinth7x7x7    0:32:46 [THUBI-BIR       ]
13.09.02 16:23 Labyrinth7x7x7    0:38:26 [THUBI-BIR       ]
17.09.02 12:02 Labyrinth7x7x7    0:33:44 [THUBI-BIR       ]
01.11.02  0:14 Labyrinth7x7x7    0:38:30 [THUBI-BIR       ]
14.03.03  0:05 Labyrinth7x7x7    0:40:47 [THUBI-BIR       ]
14.03.03 21:30 Labyrinth7x7x7    1:24:57 [THUBI-BIR       ]
27.07.2003 11:31 Labyrinth7x7x7    0:18:59 [THUBI-LAPTOP    ]
01.10.2003 13:58 Labyrinth7x7x7    0:12:20 [THUBI-BLUE      ]
02.02.2004 17:07 Labyrinth7x7x7    0:32:58 [THUBI-BIR       ]
11.05.2005 19:22 Labyrinth7x7x7    0:06:34 [THUBI-BLUE      ]
12.05.2005 10:49 Labyrinth_60      0:02:29 [THUBI-BLUE      ]
12.05.2005 10:58 Labyrinth7x7x7    0:06:58 [THUBI-BLUE      ]
20.05.2005 11:59 Labyrinth7x7x7    0:06:26 [THUBI-BLUE      ]
20.05.2005 14:43 Labyrinth_60      0:02:30 [THUBI-BLUE      ]
17.08.2005 15:00 Labyrinth_60      0:02:25 [THUBI-BLUE      ]
17.08.2005 15:07 Labyrinth7x7x7    0:06:16 [THUBI-BLUE      ]
29.08.2005 10:53 Labyrinth_60      0:04:30 [ThuBi-Blue      ]
29.08.2005 11:04 Labyrinth7x7x7    0:11:06 [ThuBi-Blue      ]
